0.171525 -1.15487 0.591863
0.56479 0.589769 -0.289192
-1.01166 -0.684952 0.121409
-0.0304018 -0.306119 0.22834
-0.498599 -0.0742335 0.6837
-0.32174 0.405582 -1.30189
1.10712 -0.377972 -0.82319
0.180239 0.52602 -1.45174
-1.01664 0.672927 -1.44116
0.424309 -1.20324 0.974346
0.148362 1.70236 -0.0412757
-0.113744 -0.544782 -0.204371
0.750418 1.31108 -0.598631
-0.154801 -1.33448 0.231077
0.390997 0.178017 -0.0273562
-0.640744 -0.691805 -1.11012
-0.318743 -0.495744 0.116937
-0.798988 1.57791 -0.648979
-0.998367 0.0309812 1.91557
-2.47953 -0.122027 0.352053
-1.61216 0.652063 -0.530215
0.423168 0.6284 -1.19361
1.03763 -1.73671 1.80197
0.70939 0.266097 1.52331
-0.974238 0.0399988 1.42439
-0.524251 0.170984 -0.722782
0.361199 0.0388725 -0.567456
0.87529 -0.411767 -1.02452
1.23071 0.402043 0.474745
-0.775142 0.25339 0.164906
0.201188 0.951538 1.38518
1.22196 -0.00268535 0.0192184
-0.180007 -0.650106 0.209777
-1.97367 0.476307 0.515556
-0.440495 -0.555644 -1.12699
0.17165 -1.10609 -0.832169
1.20231 0.64701 0.253499
-0.209289 0.339519 -0.181587
-0.877965 0.0545078 -0.466807
0.848518 0.4808 -0.816305
-0.615645 0.375674 1.41622
-0.133192 -1.69669 0.655756
0.638743 -0.293039 -0.872608
0.502798 0.798349 -1.41152
0.446256 0.227793 0.157617
0.22966 -1.90988 -0.551039
-0.392371 -0.415203 0.496219
0.893407 1.29718 0.111707
0.338768 -0.490157 -0.0219244
-2.05241 0.863748 -0.834286
-0.945469 0.570752 2.16555
-0.63051 0.679135 0.511489
0.0709111 0.5187 0.482847
0.214772 -0.0312977 0.658972
-0.779367 -0.442927 0.541246
0.21309 -0.470852 0.748879
-0.773356 1.02845 -1.60238
0.272094 0.0292999 1.30839
-0.0728865 -0.25682 -0.315549
-0.055128 0.0773376 0.0424695
-1.66218 -0.292332 0.922903
-1.61743 0.129975 -0.744833
-2.02865 -0.506772 0.524762
-0.0907483 1.09549 -0.278947
-0.745079 -1.34966 0.706582
-0.00743668 1.27803 -0.15099
-0.499479 1.23657 0.626437
1.16898 0.0663518 -1.72762
0.648053 0.0825523 -1.09083
0.788916 -0.10321 0.0822509
-1.34634 -0.12263 1.59579
-0.594451 1.42931 -0.215283
0.00526222 1.26179 -1.11816
-0.276408 0.982422 0.558355
-0.363853 0.119865 -0.746251
2.40779 -0.604044 0.633495
0.234523 -0.287958 0.0403952
-0.98463 0.198266 -1.86544
0.729088 1.15131 -0.838342
0.842628 -0.322669 2.24169
0.719175 -1.23823 0.153992
0.617068 -0.270483 0.499305
-0.328686 0.316196 -0.473968
0.445432 -0.021464 -0.434878
0.13914 -1.03073 -0.518723
-1.4237 -0.809803 -0.131451
1.69328 0.604582 0.0650419
0.448215 0.316911 -1.39764
0.515394 0.907158 -0.598782
1.23257 -0.0423185 -0.875942
0.0897046 0.299829 0.222357
1.34061 0.379542 0.0593881
1.04206 -0.234313 0.347828
0.00438754 -0.766377 0.273366
0.889932 -0.110404 -0.158272
0.836773 -0.345925 1.53268
-0.031961 1.02113 0.893749
-0.0810207 -0.60925 0.62484
0.467105 -1.03564 -1.81495
-0.563215 -0.0585122 0.888854
1.05559 -1.16533 -1.14083
-0.243931 -0.658004 1.24521
0.777664 0.0990963 0.29833
-0.619844 0.15787 0.209566
-0.611013 0.691825 -1.61877
0.406957 -0.962516 0.984794
-0.502057 -1.46784 -0.416645
1.63604 -0.812157 0.850021
